2025-08-09 23:52:38 [main] INFO  c.ten.soulmate.SoulmateApplication - Starting SoulmateApplication using Java 21.0.4 with PID 28124 (D:\myproject\soulmate\soulmate\bin\main started by PC in D:\myproject\soulmate\soulmate)
2025-08-09 23:52:38 [main] INFO  c.ten.soulmate.SoulmateApplication - The following 1 profile is active: "local"
2025-08-09 23:52:40 [main] INFO  o.s.d.r.c.RepositoryConfigurationDelegate - Bootstrapping Spring Data JPA repositories in DEFAULT mode.
2025-08-09 23:52:40 [main] INFO  o.s.d.r.c.RepositoryConfigurationDelegate - Finished Spring Data repository scanning in 264 ms. Found 5 JPA repository interfaces.
2025-08-09 23:52:41 [main] INFO  o.s.b.w.e.tomcat.TomcatWebServer - Tomcat initialized with port 7777 (http)
2025-08-09 23:52:41 [main] INFO  o.a.coyote.http11.Http11NioProtocol - Initializing ProtocolHandler ["http-nio-7777"]
2025-08-09 23:52:41 [main] INFO  o.a.catalina.core.StandardService - Starting service [Tomcat]
2025-08-09 23:52:41 [main] INFO  o.a.catalina.core.StandardEngine - Starting Servlet engine: [Apache Tomcat/10.1.43]
2025-08-09 23:52:42 [main] INFO  o.a.c.c.C.[Tomcat].[localhost].[/] - Initializing Spring embedded WebApplicationContext
2025-08-09 23:52:42 [main] INFO  o.s.b.w.s.c.ServletWebServerApplicationContext - Root WebApplicationContext: initialization completed in 3676 ms
2025-08-09 23:52:42 [main] INFO  o.h.jpa.internal.util.LogHelper - HHH000204: Processing PersistenceUnitInfo [name: default]
2025-08-09 23:52:42 [main] INFO  org.hibernate.Version - HHH000412: Hibernate ORM core version 6.6.22.Final
2025-08-09 23:52:42 [main] INFO  o.h.c.i.RegionFactoryInitiator - HHH000026: Second-level cache disabled
2025-08-09 23:52:43 [main] INFO  o.s.o.j.p.SpringPersistenceUnitInfo - No LoadTimeWeaver setup: ignoring JPA class transformer
2025-08-09 23:52:43 [main] INFO  com.zaxxer.hikari.HikariDataSource - HikariPool-1 - Starting...
2025-08-09 23:52:44 [main] INFO  com.zaxxer.hikari.pool.HikariPool - HikariPool-1 - Added connection com.mysql.cj.jdbc.ConnectionImpl@6eab92f3
2025-08-09 23:52:44 [main] INFO  com.zaxxer.hikari.HikariDataSource - HikariPool-1 - Start completed.
2025-08-09 23:52:44 [main] INFO  o.hibernate.orm.connections.pooling - HHH10001005: Database info:
	Database JDBC URL [Connecting through datasource 'HikariDataSource (HikariPool-1)']
	Database driver: undefined/unknown
	Database version: 8.0.32
	Autocommit mode: undefined/unknown
	Isolation level: undefined/unknown
	Minimum pool size: undefined/unknown
	Maximum pool size: undefined/unknown
2025-08-09 23:52:48 [main] INFO  o.h.e.t.j.p.i.JtaPlatformInitiator - HHH000489: No JTA platform available (set 'hibernate.transaction.jta.platform' to enable JTA platform integration)
2025-08-09 23:52:49 [main] INFO  o.s.o.j.LocalContainerEntityManagerFactoryBean - Initialized JPA EntityManagerFactory for persistence unit 'default'
2025-08-09 23:52:52 [main] INFO  o.s.d.j.r.query.QueryEnhancerFactory - Hibernate is in classpath; If applicable, HQL parser will be used.
2025-08-09 23:52:58 [main] WARN  o.s.b.a.o.j.JpaBaseConfiguration$JpaWebConfiguration - spring.jpa.open-in-view is enabled by default. Therefore, database queries may be performed during view rendering. Explicitly configure spring.jpa.open-in-view to disable this warning
2025-08-09 23:52:59 [main] INFO  o.s.v.b.OptionalValidatorFactoryBean - Failed to set up a Bean Validation provider: jakarta.validation.NoProviderFoundException: Unable to create a Configuration, because no Jakarta Bean Validation provider could be found. Add a provider like Hibernate Validator (RI) to your classpath.
2025-08-09 23:53:02 [main] INFO  o.a.coyote.http11.Http11NioProtocol - Starting ProtocolHandler ["http-nio-7777"]
2025-08-09 23:53:02 [main] INFO  o.s.b.w.e.tomcat.TomcatWebServer - Tomcat started on port 7777 (http) with context path '/'
2025-08-09 23:53:02 [main] INFO  c.ten.soulmate.SoulmateApplication - Started SoulmateApplication in 25.359 seconds (process running for 26.337)
2025-08-09 23:54:57 [http-nio-7777-exec-1] INFO  o.a.c.c.C.[Tomcat].[localhost].[/] - Initializing Spring DispatcherServlet 'dispatcherServlet'
2025-08-09 23:54:57 [http-nio-7777-exec-1] INFO  o.s.web.servlet.DispatcherServlet - Initializing Servlet 'dispatcherServlet'
2025-08-09 23:54:57 [http-nio-7777-exec-1] INFO  o.s.web.servlet.DispatcherServlet - Completed initialization in 3 ms
2025-08-09 23:54:59 [http-nio-7777-exec-7] INFO  o.s.api.AbstractOpenApiResource - Init duration for springdoc-openapi is: 1367 ms
2025-08-09 23:55:22 [http-nio-7777-exec-10] INFO  c.t.s.c.c.ChattingController - ==================================[ API Chatting Send ]==================================
2025-08-09 23:55:22 [http-nio-7777-exec-10] INFO  c.t.s.c.c.ChattingController - API Send Member Id : 6
2025-08-09 23:55:24 [http-nio-7777-exec-10] INFO  c.t.s.chatting.service.AiChatService - AI Check Result : No
2025-08-09 23:55:24 [http-nio-7777-exec-10] INFO  c.t.s.c.service.ChattingService - 리포트 생성 정보 부족 - 대화 계속 진행
2025-08-09 23:55:36 [http-nio-7777-exec-1] INFO  c.t.s.c.c.ChattingController - ==================================[ API Chatting Send ]==================================
2025-08-09 23:55:36 [http-nio-7777-exec-1] INFO  c.t.s.c.c.ChattingController - API Send Member Id : 6
2025-08-09 23:55:36 [http-nio-7777-exec-1] INFO  c.t.s.chatting.service.AiChatService - AI Check Result : No
2025-08-09 23:55:36 [http-nio-7777-exec-1] INFO  c.t.s.c.service.ChattingService - 리포트 생성 정보 부족 - 대화 계속 진행
2025-08-09 23:55:47 [http-nio-7777-exec-2] INFO  c.t.s.c.c.ChattingController - ==================================[ API Chatting Send ]==================================
2025-08-09 23:55:47 [http-nio-7777-exec-2] INFO  c.t.s.c.c.ChattingController - API Send Member Id : 6
2025-08-09 23:55:47 [http-nio-7777-exec-2] INFO  c.t.s.chatting.service.AiChatService - AI Check Result : No
2025-08-09 23:55:47 [http-nio-7777-exec-2] INFO  c.t.s.c.service.ChattingService - 리포트 생성 정보 부족 - 대화 계속 진행
2025-08-09 23:55:54 [http-nio-7777-exec-4] INFO  c.t.s.c.c.ChattingController - ==================================[ API Chatting Send ]==================================
2025-08-09 23:55:54 [http-nio-7777-exec-4] INFO  c.t.s.c.c.ChattingController - API Send Member Id : 6
2025-08-09 23:55:54 [http-nio-7777-exec-4] INFO  c.t.s.chatting.service.AiChatService - AI Check Result : No
2025-08-09 23:55:54 [http-nio-7777-exec-4] INFO  c.t.s.c.service.ChattingService - 리포트 생성 정보 부족 - 대화 계속 진행
2025-08-09 23:56:00 [http-nio-7777-exec-8] INFO  c.t.s.c.c.ChattingController - ==================================[ API Chatting Send ]==================================
2025-08-09 23:56:00 [http-nio-7777-exec-8] INFO  c.t.s.c.c.ChattingController - API Send Member Id : 6
2025-08-09 23:56:00 [http-nio-7777-exec-8] INFO  c.t.s.chatting.service.AiChatService - AI Check Result : No
2025-08-09 23:56:00 [http-nio-7777-exec-8] INFO  c.t.s.c.service.ChattingService - 리포트 생성 정보 부족 - 대화 계속 진행
2025-08-09 23:56:06 [http-nio-7777-exec-7] INFO  c.t.s.c.c.ChattingController - ==================================[ API Chatting Send ]==================================
2025-08-09 23:56:06 [http-nio-7777-exec-7] INFO  c.t.s.c.c.ChattingController - API Send Member Id : 6
2025-08-09 23:56:06 [http-nio-7777-exec-7] INFO  c.t.s.chatting.service.AiChatService - AI Check Result : Yes
2025-08-09 23:56:06 [http-nio-7777-exec-7] INFO  c.t.s.c.service.ChattingService - REPORT 생성 가능 [memberId: 6]
2025-08-09 23:56:13 [http-nio-7777-exec-7] INFO  c.t.s.chatting.service.AiChatService - Create Report!
2025-08-09 23:56:15 [http-nio-7777-exec-7] INFO  c.t.s.chatting.service.AiChatService - Summary Success!
2025-08-09 23:56:15 [http-nio-7777-exec-7] INFO  c.t.s.c.service.ChattingService - New Chatting Room Created!
2025-08-09 23:57:03 [http-nio-7777-exec-10] INFO  c.t.s.road.controller.RoadController - ==================================[ getReport  ]==================================
2025-08-09 23:57:39 [main] INFO  c.ten.soulmate.SoulmateApplication - Starting SoulmateApplication using Java 21.0.4 with PID 39312 (D:\myproject\soulmate\soulmate\bin\main started by PC in D:\myproject\soulmate\soulmate)
2025-08-09 23:57:39 [main] INFO  c.ten.soulmate.SoulmateApplication - The following 1 profile is active: "local"
2025-08-09 23:57:41 [main] INFO  o.s.d.r.c.RepositoryConfigurationDelegate - Bootstrapping Spring Data JPA repositories in DEFAULT mode.
2025-08-09 23:57:41 [main] INFO  o.s.d.r.c.RepositoryConfigurationDelegate - Finished Spring Data repository scanning in 254 ms. Found 5 JPA repository interfaces.
2025-08-09 23:57:42 [main] INFO  o.s.b.w.e.tomcat.TomcatWebServer - Tomcat initialized with port 7777 (http)
2025-08-09 23:57:42 [main] INFO  o.a.coyote.http11.Http11NioProtocol - Initializing ProtocolHandler ["http-nio-7777"]
2025-08-09 23:57:42 [main] INFO  o.a.catalina.core.StandardService - Starting service [Tomcat]
2025-08-09 23:57:42 [main] INFO  o.a.catalina.core.StandardEngine - Starting Servlet engine: [Apache Tomcat/10.1.43]
2025-08-09 23:57:42 [main] INFO  o.a.c.c.C.[Tomcat].[localhost].[/] - Initializing Spring embedded WebApplicationContext
2025-08-09 23:57:42 [main] INFO  o.s.b.w.s.c.ServletWebServerApplicationContext - Root WebApplicationContext: initialization completed in 3448 ms
2025-08-09 23:57:43 [main] INFO  o.h.jpa.internal.util.LogHelper - HHH000204: Processing PersistenceUnitInfo [name: default]
2025-08-09 23:57:43 [main] INFO  org.hibernate.Version - HHH000412: Hibernate ORM core version 6.6.22.Final
2025-08-09 23:57:43 [main] INFO  o.h.c.i.RegionFactoryInitiator - HHH000026: Second-level cache disabled
2025-08-09 23:57:44 [main] INFO  o.s.o.j.p.SpringPersistenceUnitInfo - No LoadTimeWeaver setup: ignoring JPA class transformer
2025-08-09 23:57:44 [main] INFO  com.zaxxer.hikari.HikariDataSource - HikariPool-1 - Starting...
2025-08-09 23:57:44 [main] INFO  com.zaxxer.hikari.pool.HikariPool - HikariPool-1 - Added connection com.mysql.cj.jdbc.ConnectionImpl@bff764c
2025-08-09 23:57:44 [main] INFO  com.zaxxer.hikari.HikariDataSource - HikariPool-1 - Start completed.
2025-08-09 23:57:44 [main] INFO  o.hibernate.orm.connections.pooling - HHH10001005: Database info:
	Database JDBC URL [Connecting through datasource 'HikariDataSource (HikariPool-1)']
	Database driver: undefined/unknown
	Database version: 8.0.32
	Autocommit mode: undefined/unknown
	Isolation level: undefined/unknown
	Minimum pool size: undefined/unknown
	Maximum pool size: undefined/unknown
2025-08-09 23:57:46 [main] INFO  o.h.e.t.j.p.i.JtaPlatformInitiator - HHH000489: No JTA platform available (set 'hibernate.transaction.jta.platform' to enable JTA platform integration)
2025-08-09 23:57:46 [main] INFO  o.s.o.j.LocalContainerEntityManagerFactoryBean - Initialized JPA EntityManagerFactory for persistence unit 'default'
2025-08-09 23:57:46 [main] INFO  o.s.d.j.r.query.QueryEnhancerFactory - Hibernate is in classpath; If applicable, HQL parser will be used.
2025-08-09 23:57:49 [main] WARN  o.s.b.a.o.j.JpaBaseConfiguration$JpaWebConfiguration - spring.jpa.open-in-view is enabled by default. Therefore, database queries may be performed during view rendering. Explicitly configure spring.jpa.open-in-view to disable this warning
2025-08-09 23:57:49 [main] INFO  o.s.v.b.OptionalValidatorFactoryBean - Failed to set up a Bean Validation provider: jakarta.validation.NoProviderFoundException: Unable to create a Configuration, because no Jakarta Bean Validation provider could be found. Add a provider like Hibernate Validator (RI) to your classpath.
2025-08-09 23:57:50 [main] INFO  o.a.coyote.http11.Http11NioProtocol - Starting ProtocolHandler ["http-nio-7777"]
2025-08-09 23:57:50 [main] INFO  o.s.b.w.e.tomcat.TomcatWebServer - Tomcat started on port 7777 (http) with context path '/'
2025-08-09 23:57:50 [main] INFO  c.ten.soulmate.SoulmateApplication - Started SoulmateApplication in 12.168 seconds (process running for 13.117)
2025-08-09 23:58:13 [http-nio-7777-exec-1] INFO  o.a.c.c.C.[Tomcat].[localhost].[/] - Initializing Spring DispatcherServlet 'dispatcherServlet'
2025-08-09 23:58:13 [http-nio-7777-exec-1] INFO  o.s.web.servlet.DispatcherServlet - Initializing Servlet 'dispatcherServlet'
2025-08-09 23:58:13 [http-nio-7777-exec-1] INFO  o.s.web.servlet.DispatcherServlet - Completed initialization in 4 ms
2025-08-09 23:58:14 [http-nio-7777-exec-1] INFO  c.t.s.c.c.ChattingController - ==================================[ Chatting Reset  ]==================================
2025-08-09 23:58:14 [http-nio-7777-exec-1] INFO  c.t.s.c.service.ChattingService - Chatting Reset Success!
